|--- feature_2 <= 113.50
|   |--- feature_4 <= 2.95
|   |   |--- feature_2 <= 106.50
|   |   |   |--- class: 0
|   |   |--- feature_2 >  106.50
|   |   |   |--- feature_3 <= 3.50
|   |   |   |   |--- feature_5 <= 1.50
|   |   |   |   |   |--- class: 0
|   |   |   |   |--- feature_5 >  1.50
|   |   |   |   |   |--- feature_0 <= 28.50
|   |   |   |   |   |   |--- class: 1
|   |   |   |   |   |--- feature_0 >  28.50
|   |   |   |   |   |   |--- feature_4 <= 1.25
|   |   |   |   |   |   |   |--- feature_0 <= 36.50
|   |   |   |   |   |   |   |   |--- class: 1
|   |   |   |   |   |   |   |--- feature_0 >  36.50
|   |   |   |   |   |   |   |   |--- class: 0
|   |   |   |   |   |   |--- feature_4 >  1.25
|   |   |   |   |   |   |   |--- feature_4 <= 2.73
|   |   |   |   |   |   |   |   |--- class: 0
|   |   |   |   |   |   |   |--- feature_4 >  2.73
|   |   |   |   |   |   |   |   |--- class: 0
|   |   |   |--- feature_3 >  3.50
|   |   |   |   |--- feature_5 <= 1.50
|   |   |   |   |   |--- class: 1
|   |   |   |   |--- feature_5 >  1.50
|   |   |   |   |   |--- feature_4 <= 1.15
|   |   |   |   |   |   |--- class: 1
|   |   |   |   |   |--- feature_4 >  1.15
|   |   |   |   |   |   |--- feature_4 <= 2.45
|   |   |   |   |   |   |   |--- feature_5 <= 2.50
|   |   |   |   |   |   |   |   |--- class: 0
|   |   |   |   |   |   |   |--- feature_5 >  2.50
|   |   |   |   |   |   |   |   |--- class: 0
|   |   |   |   |   |   |--- feature_4 >  2.45
|   |   |   |   |   |   |   |--- class: 1
|   |--- feature_4 >  2.95
|   |   |--- feature_8 <= 0.50
|   |   |   |--- feature_2 <= 92.50
|   |   |   |   |--- feature_0 <= 26.50
|   |   |   |   |   |--- class: 1
|   |   |   |   |--- feature_0 >  26.50
|   |   |   |   |   |--- feature_4 <= 3.65
|   |   |   |   |   |   |--- feature_2 <= 82.50
|   |   |   |   |   |   |   |--- feature_6 <= 216.50
|   |   |   |   |   |   |   |   |--- class: 0
|   |   |   |   |   |   |   |--- feature_6 >  216.50
|   |   |   |   |   |   |   |   |--- class: 1
|   |   |   |   |   |   |--- feature_2 >  82.50
|   |   |   |   |   |   |   |--- feature_4 <= 3.05
|   |   |   |   |   |   |   |   |--- class: 0
|   |   |   |   |   |   |   |--- feature_4 >  3.05
|   |   |   |   |   |   |   |   |--- class: 0
|   |   |   |   |   |--- feature_4 >  3.65
|   |   |   |   |   |   |--- feature_4 <= 3.90
|   |   |   |   |   |   |   |--- feature_2 <= 81.50
|   |   |   |   |   |   |   |   |--- class: 0
|   |   |   |   |   |   |   |--- feature_2 >  81.50
|   |   |   |   |   |   |   |   |--- class: 0
|   |   |   |   |   |   |--- feature_4 >  3.90
|   |   |   |   |   |   |   |--- class: 0
|   |   |   |--- feature_2 >  92.50
|   |   |   |   |--- feature_5 <= 1.50
|   |   |   |   |   |--- feature_3 <= 3.50
|   |   |   |   |   |   |--- feature_9 <= 0.50
|   |   |   |   |   |   |   |--- feature_3 <= 2.50
|   |   |   |   |   |   |   |   |--- class: 0
|   |   |   |   |   |   |   |--- feature_3 >  2.50
|   |   |   |   |   |   |   |   |--- class: 1
|   |   |   |   |   |   |--- feature_9 >  0.50
|   |   |   |   |   |   |   |--- class: 0
|   |   |   |   |   |--- feature_3 >  3.50
|   |   |   |   |   |   |--- feature_4 <= 4.15
|   |   |   |   |   |   |   |--- class: 1
|   |   |   |   |   |   |--- feature_4 >  4.15
|   |   |   |   |   |   |   |--- class: 0
|   |   |   |   |--- feature_5 >  1.50
|   |   |   |   |   |--- feature_3 <= 2.50
|   |   |   |   |   |   |--- feature_5 <= 2.50
|   |   |   |   |   |   |   |--- class: 1
|   |   |   |   |   |   |--- feature_5 >  2.50
|   |   |   |   |   |   |   |--- feature_1 <= 28.50
|   |   |   |   |   |   |   |   |--- class: 0
|   |   |   |   |   |   |   |--- feature_1 >  28.50
|   |   |   |   |   |   |   |   |--- class: 1
|   |   |   |   |   |--- feature_3 >  2.50
|   |   |   |   |   |   |--- feature_1 <= 35.50
|   |   |   |   |   |   |   |--- class: 1
|   |   |   |   |   |   |--- feature_1 >  35.50
|   |   |   |   |   |   |   |--- feature_4 <= 3.55
|   |   |   |   |   |   |   |   |--- class: 0
|   |   |   |   |   |   |   |--- feature_4 >  3.55
|   |   |   |   |   |   |   |   |--- class: 1
|   |   |--- feature_8 >  0.50
|   |   |   |--- feature_4 <= 3.85
|   |   |   |   |--- class: 1
|   |   |   |--- feature_4 >  3.85
|   |   |   |   |--- feature_10 <= 0.50
|   |   |   |   |   |--- feature_6 <= 81.00
|   |   |   |   |   |   |--- feature_0 <= 61.00
|   |   |   |   |   |   |   |--- class: 0
|   |   |   |   |   |   |--- feature_0 >  61.00
|   |   |   |   |   |   |   |--- class: 1
|   |   |   |   |   |--- feature_6 >  81.00
|   |   |   |   |   |   |--- class: 1
|   |   |   |   |--- feature_10 >  0.50
|   |   |   |   |   |--- feature_5 <= 2.50
|   |   |   |   |   |   |--- feature_0 <= 53.00
|   |   |   |   |   |   |   |--- class: 1
|   |   |   |   |   |   |--- feature_0 >  53.00
|   |   |   |   |   |   |   |--- feature_1 <= 38.50
|   |   |   |   |   |   |   |   |--- class: 0
|   |   |   |   |   |   |   |--- feature_1 >  38.50
|   |   |   |   |   |   |   |   |--- class: 1
|   |   |   |   |   |--- feature_5 >  2.50
|   |   |   |   |   |   |--- class: 0
|--- feature_2 >  113.50
|   |--- feature_5 <= 1.50
|   |   |--- feature_3 <= 2.50
|   |   |   |--- class: 0
|   |   |--- feature_3 >  2.50
|   |   |   |--- class: 1
|   |--- feature_5 >  1.50
|   |   |--- feature_2 <= 116.50
|   |   |   |--- feature_4 <= 2.15
|   |   |   |   |--- feature_9 <= 0.50
|   |   |   |   |   |--- feature_1 <= 34.00
|   |   |   |   |   |   |--- class: 1
|   |   |   |   |   |--- feature_1 >  34.00
|   |   |   |   |   |   |--- class: 0
|   |   |   |   |--- feature_9 >  0.50
|   |   |   |   |   |--- class: 0
|   |   |   |--- feature_4 >  2.15
|   |   |   |   |--- feature_1 <= 35.50
|   |   |   |   |   |--- feature_6 <= 141.50
|   |   |   |   |   |   |--- feature_1 <= 22.50
|   |   |   |   |   |   |   |--- class: 1
|   |   |   |   |   |   |--- feature_1 >  22.50
|   |   |   |   |   |   |   |--- feature_3 <= 2.50
|   |   |   |   |   |   |   |   |--- class: 0
|   |   |   |   |   |   |   |--- feature_3 >  2.50
|   |   |   |   |   |   |   |   |--- class: 1
|   |   |   |   |   |--- feature_6 >  141.50
|   |   |   |   |   |   |--- class: 0
|   |   |   |   |--- feature_1 >  35.50
|   |   |   |   |   |--- class: 0
|   |   |--- feature_2 >  116.50
|   |   |   |--- class: 1
